<?xml version="1.0" encoding="UTF-8"?>
<!-- Generated by org.testng.reporters.JUnitReportReporter -->
<testsuite hostname="Home-pc" name="com.actitime.Users.CreateUsers" tests="1" failures="0" timestamp="10 Sep 2020 11:19:07 GMT" time="41.344" errors="0">
  <testcase name="createUserTest" time="41.344" classname="com.actitime.Users.CreateUsers"/>
</testsuite> <!-- com.actitime.Users.CreateUsers -->
