<?xml version="1.0" encoding="UTF-8"?>
<!-- Generated by org.testng.reporters.JUnitReportReporter -->
<testsuite hostname="Home-pc" name="returning.pages.ReturnGooglePage" tests="1" failures="0" timestamp="10 Sep 2020 13:32:09 GMT" time="0.662" errors="0">
  <testcase name="inspect" time="0.662" classname="returning.pages.ReturnGooglePage"/>
</testsuite> <!-- returning.pages.ReturnGooglePage -->
