<?xml version="1.0" encoding="UTF-8"?>
<!-- Generated by org.testng.reporters.JUnitReportReporter -->
<testsuite hostname="Home-pc" name="com.listReturning.CaturingPage" tests="1" failures="0" timestamp="30 Sep 2020 04:51:43 GMT" time="35.507" errors="0">
  <testcase name="listElements" time="35.507" classname="com.listReturning.CaturingPage"/>
</testsuite> <!-- com.listReturning.CaturingPage -->
